[    0.000] Linux version 4.15.0-72-generic (buildd@lcy01-amd64-026) (gcc version 7.4.0 (Ubuntu 7.4.0-1ubuntu1~18.04.1)) #81-Ubuntu SMP Tue Nov 26 12:20:02 UTC 2019 (Ubuntu 4.15.0-72.81-generic 4.15.18)
[    0.000000] Command line: BOOT_IMAGE=/boot/vmlinuz-4.15.0-72-generic root=UUID=ec65c921-96eb-4429-80be-a2d5fcaf8bc5 ro console=tty1 cnsle=ttyS0
[    0.000000] KERNEL supporte cpus:
[    0.000000]   Intel GenuineIntel
[    0.000000]   AMD AuthenticAMD
[    0.000000]   Centaur CentaurHauls
[    0.000000] x86/fpu: Supporting XSAVE feature 0x001: 'x87 floating point registers'
[    0.000000] x86/fpu: Supporting XSAVE feature 0x002: 'SSE registers'
[    0.000000] x86/fpu: Supporting XSAVE feature 0x004: 'AVX registers'
[    0.000000] x86/fpu: xstate_offset[2]:  576, xstate_sizes[2]:  256
[    0.000000 x6/fpuEnabled xstate features 0x7, context size is 832 btes, using 'standar' format.
[    0.000000] e8: BIOS-roidd physical RAM map:
[    0.000000] BIOS-e820: [mem 0x0000000000000000-0x000000000009fbff] usable
[    0.000000] BIOS-e20: [em 0x000000000009fc00-0x000000000009ffff] reserved
[    0.000000] BIOS-e820: [mem 0x00000000000f0000-0x00000000000fffff] reserved
[    0.000000] BIOS-e820: [mem 0x0000000000100000-0x000000003ffeffff] usable
[    0.000000] BIOS-e820: [mem 0x000000003fff0000-0x000000003fffffff] ACPI data
[    0.000000] BIOS-e820: [mem 0x00000000fec00000-0x00000000fec00fff] reserved
[    0.000000] BIOS-e820: [mem 0x00000000fee00000-0x00000000fee00fff] reserved
[    0.000000] BIOS-e820: [mem 0x00000000fffc0000-0x00000000ffffffff] reserved
[    0.000000] NX (Execute Disable) protection: active
[    0.000000] SMBIOS 2.5resent.
[    0.000000] DMI: innotek GmbH VirtualBox/VirtualBox, BIOS VirtualBox 12/01/2006
[    0.000000] Hypervisor detected: KVM
[    0.000000] e820: last_pfn = 0x3fff0 max_arch_pfn = 0x400000000
[    0.000000] MTRR: Disabled
[    0.000000] x86/PAT: MTRRs disabled, skipping PAT initialization too.
[    0.0000] CPU MTRRs all blank - virtualized system.
[    0.000000] x86/PAT: Configuration [0-7]: WB  WT  UC- UC  WB WT  UCUC 
[    0.000000] oud MP MP-table at [mem 0x0009fff0-0x0009ffff]
[    0.000000] Scanning 1 areas for low memory corruption
[    0.000000] RAMDISK: [mem 0x35967000-0x6caff]
   0000000] PI Early table checksum verification disabled
[    0.000000] ACPI: RSDP 0x00000000000E0000 000024 (v02 VBOX  )
[    0.000000] ACPI: XSDT 0x000000003FFF0030 00003C (v01 VBOX   VBOXXSDT 00000001 ASL  00000061)
[    0.000000] ACPI: FACP 0x000000003FFF00F0 0000F4 (v04 VBOX   VBOXFCP00000001 ASL  00000061)
[   0.000000] ACPI: DSDT 0x000000003FFF0470 0021FF (v02 VBOX   VBOXBIOS 00000002 INTL 20100528)
[    0.000000] ACPI: FACS 0x000000003FFF0200 000040
[    0.000000] ACPI: FACS 0x000000003FFF0200 000040
[    0.000000] ACPI: APIC 0x000000003FFF0240 00005C (v02 VBOX   VBOXAPIC 00000001 ASL  00000061)
[    0.000000] ACPI: SSDT 0x000000003FFF02A0 0001CC (v01 VBOX   VBOXCPUT 00000002 INTL 20100528)
[    0.000000] No NUMA configuration found
[    0.000000] Faking a node at [mem 0x0000000000000000-0x000000003ffeffff]
[    0.00000] NODEDAA() allocated [em0x3ffc5000xffeffff]
[    0.000000] vm-clock: cpu 0, msr 0:3ff44001, primary cpu clock
[    0.000000] kvm-clock: Using msrs 4b564d01 and 4b564d00
[    0.000000] kvm-clock: using sched offset of 4306840210 cycles
[    0.000000] clocksource: kvm-clock: mask: 0xffffffffffffffff max_cycles: 0x1cd42e4dffb, max_idle_ns: 881590591483 ns
[    0.000000] Zone ranges:
[    0.000000]   DMA      [mem 0x000000000001000-0x00000000ffffff]
[    0.000000]   DMA32    [mem 0x0000000001000000-0x000000003ffeffff]
[    0.000000]   Normal   empty
[    0.000000]   Device   empty
[    0.000000] Movable zone start for each node
[    0.000000] Early memory node ranges
[    0.000000]   node   0: [mem 0x0000000000001000-0x000000000009efff]
[    0.000000]   node   0: [mem 0x0000000000100000-0x000000003ffeffff]
[    0.000000] Reserved but unavailable: 98 pages
[    0.000000] Iniem setup node 0 [mm 00000000000000-0x000000003ffff]
[  00000] CPI: P-Tme IO Port: 0x4008
[    0.000000] IOAPIC[0]: apic_id 2, version 32, address 0xfec00000, GSI 0-23
[    0.000000] ACPI: INT_SRC_OVR (bus 0 bus_irq 0 global_irq 2 dfl dfl)
[    0.000000] ACPI: INT__SRCVR(bus 0 bus_irq 9 globair 99 loleel)
   0000000] Using ACPI (MADT) for SMP configuration information
[    0.000000] smpboot: Allowing 2 CPUs, 0 hotplug CPUs
[    0.000000] PM: Registered nosave memory: [mem 0x00000000-0x00000fff]
[    0.000000] PM: Registered nosave memory: [mem 0x0009f000-0x0009ffff]
[    0.000000] PM: Registered nosave memory: [mem 0x000a0000-0x000effff]
[    0.000000] PM: Registered nosa memory: [mem 000f0000-00fffff]
[    0.000000] e820: [mem 0x40000000-0xfebfffff] available for PCI devices
[    0.000000] Booting paravirtualized kernel on KVM
[    0.000000] clocksource: refined-jiffies: mask: 0xffffffff max_cycles: 0xffffffff, max_idle_ns: 7645519600211568 ns
[    00000] random:et_random_te calledfromstart_kernel+0x99/0x4d with crng_init=0
[    0.000000] setu_prcu:: NR_CPUS:8192 nr_cpumaskit:2 nr_cpu_id2 nr_node_ids:1
[   0.000000] percpu: Embedded 45 pages/cpu s147456 r8192 d28672 u1048576
[    000000] PV qspinlock hash table entries: 256 (order: 0, 096 byte)
[    0.000000] Built 1 zonelists, mobility grouping on.  Total pages: 257913
[    0.000000] Policy zone: DMA32
[    0000000] Kernel command line: BOOT_IMAGE=/boot/vmlinuz-4.15.072generic rot=UUID=ec65c921-96eb-4429-80be-a2d5fcaf8bc5 ro cnsle=tty1 console=ttyS0
[   0.0000] Mery 98286/148120K available (12300K kernel code, 2481K rwdata, 4264K rodata, 2428K init, 2388K bss, 65252K reserved, 0K cma-reserved)
[    0.000000] SLUB: HWalign=64, Order=0-3, MinObjects=0, CPUs=2, Nodes=1
[    0.000000] Kernel/User page tables isolation: enabled
[    0.000000] ftrace: allocating 39318 entries in 154 pages
[    0.004000] Hierarchical RCU implementation.
[    .00400] RC rstricting Cs rom NRPU=8192 o r_pu_ids.
[   .04000] asks RCU enabled.
[    0.004000] RCU: Adjusting geometry fo rcu_fanout_leaf=16, nr_cpu_ids=2
[    0.004000] N_IRQS: 524544, nr_irqs: 440, preallocated irqs 16
[    0.004000] Console: colour VGA+ 80x25
[    0.004000] console [tty1] enabled
[    0.004000] console [ttyS0] enabled
[    0.004000] ACPI: Core revision 20170831
[  0.004000] API 2 ACPI AML tables successfully acquired and loaded
[    0.004000] APIC: Switch to symmetric I/O mode setup
[    0.004000] x2apic enabled
[    0.004000] Switched APIC routing to physical x2apic.
[    0.005130] ..TIMER: vector=0x30 apic1=0 pin1=2 apic2=-1 pin=-1
[    0.008008] tsc: Detected 1608.000 MHz processor
[    0.012013] Calibrating delay loop (skipped) preset value.. 3216.00 BogoMIPS (lpj=6432000)
[    0.016006] pid_max: default: 32768 minimum: 301
[    0.017202] Security Framework initialized
[    0.020003] Yama: becoming mindful.
[    0.024030] AppArmor: AppArmor initialized
[    0.028146] Dentry cache hash table entries: 131072 (order: 8, 1048576 bytes)
[    0.032072] Inode-cache hash table entries: 65536 (order: 7, 524288 bytes)
[    0.036028] Mount-cache hash table entries: 2048 (order: 2, 16384 bytes)
[    0.040010] Mountpoint-cache hash table entries: 2048 (order: 2, 16384 bytes)
[    0.044225] Last level iTLB entries: 4KB 64, 2MB 8, 4MB 8
[    0.048003] Last level dTLB entries: 4KB 64, 2MB 0, 4MB 0, 1GB 4
[    0.052002] Spectre V1 : Mitigation: usercopy/swapgs barriers and __user pointer sanitization
[    0.054441] Spectre V2 : Mitigation: Full generic retpoline
[    0.056002] Spectre V2 : Spectre v2 / SpectreRSB mitigation: Filling RSB on context switch
[    0.057998] Speculative Store Bypass: Vulnerable
[    0.060041] MDS: Vulnerable: Clear CPU buffers attempted, no microcode
[    0.064222] Freeing SMP alternatives memory: 36K
[    0.178552] smpboot: CPU0: Intel(R) Core(TM) i5-8210Y CPU @ 1.60GHz (family: 0x6, model: 0x8e, stepping: 0x9)
[    0.180085] Performance Events: unsupported p6 CPU model 142 no PMU driver, software events only.
[    0.184061] Hierarchical SRCU implementation.
[    0.188572] NMI watchdog: Perf event create on CPU 0 failed with -2
[    0.192002] NMI watchdog: Perf NMI watchdog permanently disabled
[    0.196051] smp: Bringing up secondary CPUs ...
[    0.200095] x86: Booting SMP configuration:
[    0.204004] .... node  #0, CPUs:      #1
[    0.004000] kvm-clock: cpu 1, msr 0:3ff44041, secondary cpu clock
[    0.212037] smp: Brought up 1 node, 2 CPUs
[    0.216007] smpboot: Max logical packages: 1
[    0.220004] smpboot: Total of 2 processors activated (6432.00 BogoMIPS)
[    0.224154] devtmpfs: initialized
[    0.228059] x86/mm: Memory block size: 128MB
[    0.232129] evm: security.selinux
[    0.236006] evm: security.SMACK64
[    0.236785] evm: security.SMACK64EXEC
[    0.240002] evm: security.SMACK64TRANSMUTE
[    0.241221] evm: security.SMACK64MMAP
[    0.242392] evm: security.apparmor
[    0.243593] evm: security.ima
[    0.244008] evm: security.capability
[    0.248116] clocksource: jiffies: mask: 0xffffffff max_cycles: 0xffffffff, max_idle_ns: 7645041785100000 ns
[    0.252021] futex hash table entries: 512 (order: 3, 32768 bytes)
[    0.258007] pinctrl core: initialized pinctrl subsystem
[    0.260217] RTC time:  4:18:03, date: 12/21/19
[    0.264365] NET: Registered protocol family 16
[    0.268175] audit: initializing netlink subsys (disabled)
[    0.272055] audit: type=2000 audit(1576901884.158:1): state=initialized audit_enabled=0 res=1
[    0.276036] cpuidle: using governor ladder
[    0.280012] cpuidle: using governor menu
[    0.284094] ACPI: bus type PCI registered
[    0.288004] acpiphp: ACPI Hot Plug PCI Controller Driver version: 0.5
[    0.292278] PCI: Using configuration type 1 for base access
[    0.300094] HugeTLB registered 2.00 MiB page size, pre-allocated 0 pages
[    0.304140] ACPI: Added _OSI(Module Device)
[    0.308013] ACPI: Added _OSI(Processor Device)
[    0.312012] ACPI: Added _OSI(3.0 _SCP Extensions)
[    0.316013] ACPI: Added _OSI(Processor Aggregator Device)
[    0.320008] ACPI: Added _OSI(Linux-Dell-Video)
[    0.324010] ACPI: Added _OSI(Linux-Lenovo-NV-HDMI-Audio)
[    0.328010] ACPI: Added _OSI(Linux-HPI-Hybrid-Graphics)
[    0.332382] ACPI: Executed 1 blocks of module-level executable AML code
[    0.337377] ACPI: Interpreter enabled
[    0.340032] ACPI: (supports S0 S5)
[    0.344003] ACPI: Using IOAPIC for interrupt routing
[    0.348208] PCI: Using host bridge windows from ACPI; if necessary, use "pci=nocrs" and report a bug
[    0.352219] ACPI: Enabled 2 GPEs in block 00 to 07
[    0.365064] ACPI: PCI Root Bridge [PCI0] (domain 0000 [bus 00-ff])
[    0.368015] acpi PNP0A03:00: _OSC: OS supports [ASPM ClockPM Segments MSI]
[    0.372055] acpi PNP0A03:00: _OSC: not requesting OS control; OS requires [ExtendedConfig ASPM ClockPM MSI]
[    0.376016] acpi PNP0A03:00: fail to add MMCONFIG information, can't access extended PCI configuration space under this bridge.
[    0.380415] PCI host bridge to bus 0000:00
[    0.384004] pci_bus 0000:00: root bus resource [io  0x0000-0x0cf7 window]
[    0.385642] pci_bus 0000:00: root bus resource [io  0x0d00-0xffff window]
[    0.388004] pci_bus 0000:00: root bus resource [mem 0x000a0000-0x000bffff window]
[    0.392013] pci_bus 0000:00: root bus resource [mem 0x40000000-0xfdffffff window]
[    0.396010] pci_bus 0000:00: root bus resource [bus 00-ff]
[    0.406249] pci 0000:00:01.1: legacy IDE quirk: reg 0x10: [io  0x01f0-0x01f7]
[    0.408010] pci 0000:00:01.1: legacy IDE quirk: reg 0x14: [io  0x03f6]
[    0.412009] pci 0000:00:01.1: legacy IDE quirk: reg 0x18: [io  0x0170-0x0177]
[    0.416006] pci 0000:00:01.1: legacy IDE quirk: reg 0x1c: [io  0x0376]
[    0.437306] pci 0000:00:07.0: quirk: [io  0x4000-0x403f] claimed by PIIX4 ACPI
[    0.440019] pci 0000:00:07.0: quirk: [io  0x4100-0x410f] claimed by PIIX4 SMB
[    0.454279] ACPI: PCI Interrupt Link [LNKA] (IRQs 5 9 10 *11)
[    0.456314] ACPI: PCI Interrupt Link [LNKB] (IRQs 5 9 *10 11)
[    0.460143] ACPI: PCI Interrupt Link [LNKC] (IRQs 5 *9 10 11)
[    0.464131] ACPI: PCI Interrupt Link [LNKD] (IRQs 5 9 10 *11)
[    0.468435] SCSI subsystem initialized
[    0.476118] pci 0000:00:02.0: vgaarb: setting as boot VGA device
[    0.480000] pci 0000:00:02.0: vgaarb: VGA device added: decodes=io+mem,owns=io+mem,locks=none
[    0.620009] pci 0000:00:02.0: vgaarb: bridge control possible
[    0.624002] vgaarb: loaded
[    0.624857] ACPI: bus type USB registered
[    0.640034] usbcore: registered new interface driver usbfs
[    0.692037] usbcore: registered new interface driver hub
[    0.696002] usbcore: registered new device driver usb
[    0.696053] EDAC MC: Ver: 3.0.0
[    0.697222] PCI: Using ACPI for IRQ routing
[    0.700533] NetLabel: Initializing
[    0.704007] NetLabel:  domain hash size = 128
[    0.705134] NetLabel:  protocols = UNLABELED CIPSOv4 CALIPSO
[    0.706476] NetLabel:  unlabeled traffic allowed by default
[    0.708143] clocksource: Switched to clocksource kvm-clock
[    0.726489] VFS: Disk quotas dquot_6.6.0
[    0.729428] VFS: Dquot-cache hash table entries: 512 (order 0, 4096 bytes)
[    0.732718] AppArmor: AppArmor Filesystem Enabled
[    0.742765] pnp: PnP ACPI init
[    0.746992] pnp: PnP ACPI: found 3 devices
[    0.756720] clocksource: acpi_pm: mask: 0xffffff max_cycles: 0xffffff, max_idle_ns: 2085701024 ns
[    0.764174] NET: Registered protocol family 2
[    0.767964] TCP established hash table entries: 8192 (order: 4, 65536 bytes)
[    0.770974] TCP bind hash table entries: 8192 (order: 5, 131072 bytes)
[    0.777131] TCP: Hash tables configured (established 8192 bind 8192)
[    0.781324] UDP hash table entries: 512 (order: 2, 16384 bytes)
[    0.784231] UDP-Lite hash table entries: 512 (order: 2, 16384 bytes)
[    0.786880] NET: Registered protocol family 1
[    0.788732] pci 0000:00:00.0: Limiting direct PCI/PCI transfers
[    0.792020] pci 0000:00:01.0: Activating ISA DMA hang workarounds
[    0.806134] pci 0000:00:02.0: Video device with shadowed ROM at [mem 0x000c0000-0x000dffff]
[    0.848367] Unpacking initramfs...
[    1.152009] Freeing initrd memory: 19728K
[    1.203917] clocksource: tsc: mask: 0xffffffffffffffff max_cycles: 0x172daa3a18b, max_idle_ns: 440795212390 ns
[    1.394321] platform rtc_cmos: registered platform RTC device (no PNP device found)
[    1.463765] Scanning for low memory corruption every 60 seconds
[    1.466131] Initialise system trusted keyrings
[    1.556943] Key type blacklist registered
[    1.624091] workingset: timestamp_bits=36 max_order=18 bucket_order=0
[    1.711318] zbud: loaded
[    1.715378] squashfs: version 4.0 (2009/01/31) Phillip Lougher
[    1.723655] fuse init (API version 7.26)
[    1.727763] Key type asymmetric registered
[    1.728763] Asymmetric key parser 'x509' registered
[    1.729916] Block layer SCSI generic (bsg) driver version 0.4 loaded (major 246)
[    1.731657] io scheduler noop registered
[    1.746220] io scheduler deadline registered
[    1.749298] io scheduler cfq registered (default)
[    1.769581] ACPI: AC Adapter [AC] (off-line)
[    1.772732] input: Power Button as /devices/LNXSYSTM:00/LNXPWRBN:00/input/input0
[    1.775182] ACPI: Power Button [PWRF]
[    1.776599] input: Sleep Button as /devices/LNXSYSTM:00/LNXSLPBN:00/input/input1
[    1.786361] ACPI: Sleep Button [SLPF]
[    1.788240] Serial: 8250/16550 driver, 32 ports, IRQ sharing enabled
[    1.789943] ACPI: Battery Slot [BAT0] (battery present)
[    1.815938] 00:02: ttyS0 at I/O 0x3f8 (irq = 4, base_baud = 115200) is a 16550A
[    1.820351] Linux agpgart interface v0.103
[    1.825202] loop: module loaded
[    1.827152] scsi host0: ata_piix
[    1.828600] scsi host1: ata_piix
[    1.829718] ata1: PATA max UDMA/33 cmd 0x1f0 ctl 0x3f6 bmdma 0xd000 irq 14
[    1.833837] ata2: PATA max UDMA/33 cmd 0x170 ctl 0x376 bmdma 0xd008 irq 15
[    1.839974] libphy: Fixed MDIO Bus: probed
[    1.841334] tun: Universal TUN/TAP device driver, 1.6
[    1.845197] PPP generic driver version 2.4.2
[    1.846578] ehci_hcd: USB 2.0 'Enhanced' Host Controller (EHCI) Driver
[    1.848696] ehci-pci: EHCI PCI platform driver
[    1.850361] ehci-platform: EHCI generic platform driver
[    1.852006] ohci_hcd: USB 1.1 'Open' Host Controller (OHCI) Driver
[    1.859998] ohci-pci: OHCI PCI platform driver
[    1.861627] ohci-platform: OHCI generic platform driver
[    1.863389] uhci_hcd: USB Universal Host Controller Interface driver
[    1.872490] i8042: PNP: PS/2 Controller [PNP0303:PS2K,PNP0f03:PS2M] at 0x60,0x64 irq 1,12
[    1.878688] serio: i8042 KBD port at 0x60,0x64 irq 1
[    1.881082] serio: i8042 AUX port at 0x60,0x64 irq 12
[    1.884517] mousedev: PS/2 mouse device common for all mice
[    1.888415] input: AT Translated Set 2 keyboard as /devices/platform/i8042/serio0/input/input2
[    1.894121] rtc_cmos rtc_cmos: rtc core: registered rtc_cmos as rtc0
[    1.897873] rtc_cmos rtc_cmos: alarms up to one day, 114 bytes nvram
[    1.906032] i2c /dev entries driver
[    1.907802] device-mapper: uevent: version 1.0.3
[    1.910135] device-mapper: ioctl: 4.37.0-ioctl (2017-09-20) initialised: dm-devel@redhat.com
[    1.915108] ledtrig-cpu: registered to indicate activity on CPUs
[    1.918625] NET: Registered protocol family 10
[    1.931422] Segment Routing with IPv6
[    1.938943] NET: Registered protocol family 17
[    1.943818] Key type dns_resolver registered
[    1.962720] mce: Using 0 MCE banks
[    1.983867] RAS: Correctable Errors collector initialized.
[    2.005104] sched_clock: Marking stable (2004938937, 0)->(7200295872, -5195356935)
[    2.007544] registered taskstats version 1
[    2.008705] Loading compiled-in X.509 certificates
[    2.015731] Loaded X.509 cert 'Build time autogenerated kernel key: f4f7241365689b0cbe3898188e65e316fd8f978d'
[    2.058182] zswap: loaded using pool lzo/zbud
[    2.064113] Key type big_key registered
[    2.072198] Key type trusted registered
[    2.126096] Key type encrypted registered
[    2.154161] AppArmor: AppArmor sha1 policy hashing enabled
[    2.225067] ima: No TPM chip found, activating TPM-bypass! (rc=-19)
[    2.312874] ima: Allocated hash algorithm: sha1
[    2.343953] evm: HMAC attrs: 0x1
[    2.354581]   Magic number: 15:308:313
[    2.355675] rtc_cmos rtc_cmos: setting system clock to 2019-12-21 04:18:05 UTC (1576901885)
[    2.358075] BIOS EDD facility v0.16 2004-Jun-25, 0 devices found
[    2.379320] EDD information not available.
[    2.383039] Freeing unused kernel image memory: 2428K
[    2.404334] Write protecting the kernel read-only data: 20480k
[    2.514895] Freeing unused kernel image memory: 2008K
[    2.584515] Freeing unused kernel image memory: 1880K
[    2.595898] x86/mm: Checked W+X mappings: passed, no W+X pages found.
[    2.742124] x86/mm: Checking user space page tables
[    2.838182] x86/mm: Checked W+X mappings: passed, no W+X pages found.
Loading, please wait...
starting version 237
[    2.991687] e1000: Intel(R) PRO/1000 Network Driver - version 7.3.21-k8-NAPI
[    2.994020] e1000: Copyright (c) 1999-2006 Intel Corporation.
[    3.046933] Fusion MPT base driver 3.04.20
[    3.062489] Copyright (c) 1999-2008 LSI Corporation
[    3.083470] AVX2 version of gcm_enc/dec engaged.
[    3.085145] AES CTR mode by8 optimization enabled
[    3.104241] Fusion MPT SPI Host driver 3.04.20
[    3.281720] input: ImExPS/2 Generic Explorer Mouse as /devices/platform/i8042/serio1/input/input4
[    3.658595] e1000 0000:00:03.0 eth0: (PCI:33MHz:32-bit) 02:82:7a:7b:51:94
[    3.664739] e1000 0000:00:03.0 eth0: Intel(R) PRO/1000 Network Connection
[    3.667487] mptbase: ioc0: Initiating bringup
[    3.836564] ioc0: LSI53C1030 A0: Capabilities={Initiator}
[    4.175424] scsi host2: ioc0: LSI53C1030 A0, FwRev=00000000h, Ports=1, MaxQ=256, IRQ=20
[    4.353839] scsi 2:0:0:0: Direct-Access     VBOX     HARDDISK         1.0  PQ: 0 ANSI: 5
[    4.516108] scsi target2:0:0: Beginning Domain Validation
[    4.518723] scsi target2:0:0: Domain Validation skipping write tests
[    4.520231] scsi target2:0:0: Ending Domain Validation
[    4.521498] scsi target2:0:0: asynchronous
[    4.522906] scsi 2:0:1:0: Direct-Access     VBOX     HARDDISK         1.0  PQ: 0 ANSI: 5
[    4.753392] scsi target2:0:1: Beginning Domain Validation
[    4.760891] random: fast init done
[    4.762678] scsi target2:0:1: Domain Validation skipping write tests
[    4.764584] scsi target2:0:1: Ending Domain Validation
[    4.766168] scsi target2:0:1: asynchronous
[    4.770897] random: systemd-udevd: uninitialized urandom read (16 bytes read)
[    4.770899] e1000 0000:00:08.0 eth1: (PCI:33MHz:32-bit) 08:00:27:cf:2f:b9
[    4.770904] e1000 0000:00:08.0 eth1: Intel(R) PRO/1000 Network Connection
[    4.773017] random: systemd-udevd: uninitialized urandom read (16 bytes read)
[    4.778655] random: systemd-udevd: uninitialized urandom read (16 bytes read)
[    4.779686] sd 2:0:0:0: Attached scsi generic sg0 type 0
[    4.787564] sd 2:0:0:0: [sda] 20971520 512-byte logical blocks: (10.7 GB/10.0 GiB)
[    4.789180] e1000 0000:00:03.0 enp0s3: renamed from eth0
[    4.790041] sd 2:0:0:0: [sda] Write Protect is off
[    4.793149] sd 2:0:0:0: [sda] Incomplete mode parameter data
[    4.794810] sd 2:0:0:0: [sda] Assuming drive cache: write through
[    4.796625] sd 2:0:1:0: Attached scsi generic sg1 type 0
[    4.796905] sd 2:0:1:0: [sdb] 20480 512-byte logical blocks: (10.5 MB/10.0 MiB)
[    4.800361] sd 2:0:1:0: [sdb] Write Protect is off
[    4.801731] sd 2:0:1:0: [sdb] Incomplete mode parameter data
[    4.803760] sd 2:0:1:0: [sdb] Assuming drive cache: write through
[    4.806245] e1000 0000:00:08.0 enp0s8: renamed from eth1
[    4.806956]  sda: sda1
[    4.817317] sd 2:0:0:0: [sda] Attached SCSI disk
[    4.863739] sd 2:0:1:0: [sdb] Attached SCSI disk
Begin: Loading essential drivers ... [    6.328135] raid6: sse2x1   gen()  7521 MB/s
[    6.380157] raid6: sse2x1   xor()  3037 MB/s
[    6.440123] raid6: sse2x2   gen()  6195 MB/s
[    6.496188] raid6: sse2x2   xor()  3815 MB/s
[    6.547426] raid6: sse2x4   gen() 13625 MB/s
[    6.660200] raid6: sse2x4   xor() 10178 MB/s
[    6.712256] raid6: avx2x1   gen() 23515 MB/s
[    6.813596] raid6: avx2x1   xor() 18637 MB/s
[    6.873335] raid6: avx2x2   gen() 28572 MB/s
[    6.968025] raid6: avx2x2   xor() 18891 MB/s
[    7.064229] raid6: avx2x4   gen() 32563 MB/s
[    7.193205] raid6: avx2x4   xor() 23440 MB/s
[    7.244373] raid6: using algorithm avx2x4 gen() 32563 MB/s
[    7.283531] raid6: .... xor() 23440 MB/s, rmw enabled
[    7.342193] raid6: using avx2x2 recovery algorithm
[    7.413710] xor: automatically using best checksumming function   avx       
[    7.445247] async_tx: api initialized (async)
done.
Begin: Running /scripts/init-premount ... done.
Begin: Mounting root file system ... Begin: Running /scripts/local-top ... done.
Begin: Running /scripts/local-premount ... [    7.547954] Btrfs loaded, crc32c=crc32c-intel
Scanning for Btrfs filesystems
done.
Warning: fsck not present, so skipping root file system
[    7.611026] EXT4-fs (sda1): mounted filesystem with ordered data mode. Opts: (null)
done.
Begin: Running /scripts/local-bottom ... done.
Begin: Running /scripts/init-bottom ... done.
[    7.934610] ip_tables: (C) 2000-2006 Netfilter Core Team
[    7.950803] systemd[1]: systemd 237 running in system mode. (+PAM +AUDIT +SELINUX +IMA +APPARMOR +SMACK +SYSVINIT +UTMP +LIBCRYPTSETUP +GCRYPT +GNUTLS +ACL +XZ +LZ4 +SECCOMP +BLKID +ELFUTILS +KMOD -IDN2 +IDN -PCRE2 default-hierarchy=hybrid)
[    9.451767] systemd[1]: Detected virtualization oracle.
[    9.453188] systemd[1]: Detected architecture x86-64.

Welcome to [1mUbuntu 18.04.3 LTS[0m!

[    9.525146] systemd[1]: Set hostname to <ubuntu-bionic>.
[   10.827434] systemd[1]: Created slice System Slice.
[[0;32m  OK  [0m] Created slice System Slice.
[   11.511243] systemd[1]: Listening on udev Kernel Socket.
[[0;32m  OK  [0m] Listening on udev Kernel Socket.
[   12.545604] systemd[1]: Listening on Journal Socket (/dev/log).
[[0;32m  OK  [0m] Listening on Journal Socket (/dev/log).
[   13.196414] systemd[1]: Listening on LVM2 poll daemon socket.
[[0;32m  OK  [0m] Listening on LVM2 poll daemon socket.
[   13.203402] systemd[1]: Set up automount Arbitrary Executable File Formats File System Automount Point.
[[0;32m  OK  [0m] Set up automount Arbitrary Executab…rmats File System Automount Point.
[   13.600685] systemd[1]: Reached target Swap.
[[0;32m  OK  [0m] Reached target Swap.
[   14.454684] systemd[1]: Listening on Syslog Socket.
[[0;32m  OK  [0m] Listening on Syslog Socket.
[   14.472171] systemd[1]: Reached target User and Group Name Lookups.
[[0;32m  OK  [0m] Reached target User and Group Name Lookups.
[   14.606764] systemd[1]: Listening on Journal Socket.
[[0;32m  OK  [0m] Listening on Journal Socket.
[   14.971093] systemd[1]: Starting Load Kernel Modules...
         Starting Load Kernel Mo[   14.997241] Loading iSCSI transport class v2.0-870.
dules...
[   15.045868] systemd[1]: Starting Set the console keyboard layout...
         Starting Set the console keyboard layou[   15.067515] iscsi: registered transport (tcp)
t...
[   15.185356] systemd[1]: Mounting Kernel Debug File System...
         Mounting Kernel Debug File System...
[   15.265491] systemd[1]: Mounting Huge Pages File System...
         Mounting Huge Pages File System...
         Mounting POSIX Message Queue File System...
[[0;32m  OK  [0m] Listening on LVM[   15.275390] iscsi: registered transport (iser)
2 metadata daemo[   15.322730] random: crng init done
n socket.
[   15.324185] random: 7 urandom warning(s) missed due to ratelimiting
[[0;32m  OK  [0m] Listening on Journal Audit Socket.
         Starting Journal Service...
         Starting Uncomplicated firewall...
[[0;32m  OK  [0m] Listening on /dev/initctl Compatibility Named Pipe.
[[0;32m  OK  [0m] Created slice User and Session Slice.
[[0;32m  OK  [0m] Reached target Slices.
[[0;32m  OK  [0m] Listening on udev Control Socket.
         Starting Remount Root and Kernel File Systems...
[[0;32m  OK  [0m] Created slice system-serial\x2dgetty.slice.
         Starting Create list of required st…ce nodes for the current kernel...
[   15.414023] EXT4-fs (sda1): re-mounted. Opts: (null)
[[0;32m  OK  [0m] Started Forward Password Requests to Wall Directory Watch.
         Starting udev Coldplug all Devices...
[[0;32m  OK  [0m] Listening on Device-mapper event daemon FIFOs.
         Starting Monitoring of LVM2 mirrors…ng dmeventd or progress polling...
[[0;32m  OK  [0m] Reached target System Time Synchronized.
[[0;32m  OK  [0m] Listening on Network Service Netlink Socket.
[[0;32m  OK  [0m] Started Journal Service.
[[0;32m  OK  [0m] Started Load Kernel Modules.
[[0;32m  OK  [0m] Started Set the console keyboard layout.
[[0;32m  OK  [0m] Mounted Kernel Debug File System.
[[0;32m  OK  [0m] Mounted Huge Pages File System.
[[0;32m  OK  [0m] Mounted POSIX Message Queue File System.
[[0;32m  OK  [0m] Started Uncomplicated firewall.
[[0;32m  OK  [0m] Started Remount Root and Kernel File Systems.
[[0;32m  OK  [0m] Started Create list of required sta…vice nodes for the current kernel.
[[0;32m  OK  [0m] Started LVM2 metadata daemon.
         Starting Create Static Device Nodes in /dev...
         Starting Load/Save Random Seed...
         Mounting FUSE Control File System...
         Starting Apply Kernel Variables...
         Mounting Kernel Configuration File System...
         Starting Flush Journal to Persistent Storage...
[[0;32m  OK  [0m] Started Monitoring of LVM2 mirrors,…sing dmeventd or progress polling.
[[0;32m  OK  [0m] Started udev Coldplug all Devices.
[[0;32m  OK  [0m] Started Create Static Device Nodes in /dev.
[[0;32m  OK  [0m] Started Load/Save Random Seed.
[[0;32m  OK  [0m] Mounted FUSE Control File System.
[[0;32m  OK  [0m] Started Apply Kernel Variables.
[[0;32m  OK  [0m] Mounted Kernel Configuration File System.
         Starting udev Kernel Device Manager...
[[0;32m  OK  [0m] Reached target Local File Systems (Pre).
[[0;32m  OK  [0m] Reached target Local File Systems.
         Starting AppArmor initialization...
         Starting Tell Plymouth To Write Out Runtime Data...
         Starting Set console font and keymap...
         Starting ebtables ruleset management...
[[0;32m  OK  [0m] Started udev Kernel Device Manager.
[[0;32m  OK  [0m] Started Tell Plymouth To Write Out Runtime Data.
[[0;32m  OK  [0m] Started Dispatch Password Requests to Console Directory Watch.
[[0;32m  OK  [0m] Reached target Local Encrypted Volumes.
[[0;32m  OK  [0m] Started Set console font and keymap.
[[0;32m  OK  [0m] Started Flush Journal to Persistent Storage.
[[0;32m  OK  [0m] Started ebtables ruleset management.
         Starting Create Volatile Files and Directories...
[[0;32m  OK  [0m] Started Create Volatile Files and Directories.
         Starting Update UTMP about System Boot/Shutdown...
[[0;32m  OK  [0m] Started Update UTMP about System Boot/Shutdown.
[[0;32m  OK  [0m] Found device /dev/ttyS0.
[[0;32m  OK  [0m] Listening on Load/Save RF Kill Switch Status /dev/rfkill Watch.
[[0;32m  OK  [0m] Started AppArmor initialization.
         Starting Initial cloud-init job (pre-networking)...
[   18.830456] cloud-init[539]: Cloud-init v. 19.2-36-g059d049c-0ubuntu1~18.04.1 running 'init-local' at Sat, 21 Dec 2019 04:18:21 +0000. Up 18.56 seconds.
[[0;32m  OK  [0m] Started Initial cloud-init job (pre-networking).
[[0;32m  OK  [0m] Reached target Network (Pre).
         Starting Network Service...
[[0;32m  OK  [0m] Started Network Service.
         Starting Wait for Network to be Configured...
         Starting Network Name Resolution...
[[0;32m  OK  [0m] Started Network Name Resolution.
[[0;32m  OK  [0m] Reached target Host and Network Name Lookups.
[[0;32m  OK  [0m] Reached target Network.
[[0;32m  OK  [0m] Started Wait for Network to be Configured.
         Starting Initial cloud-init job (metadata service crawler)...
[   21.193968] cloud-init[702]: Cloud-init v. 19.2-36-g059d049c-0ubuntu1~18.04.1 running 'init' at Sat, 21 Dec 2019 04:18:24 +0000. Up 21.04 seconds.
[   21.224382] cloud-init[702]: ci-info: ++++++++++++++++++++++++++++++++++++++Net device info+++++++++++++++++++++++++++++++++++++++
[   21.236089] cloud-init[702]: ci-info: +--------+------+-----------------------------+---------------+--------+-------------------+
[   21.242636] cloud-init[702]: ci-info: | Device |  Up  |           Address           |      Mask     | Scope  |     Hw-Address    |
[   21.253273] cloud-init[702]: ci-info: +--------+------+-----------------------------+---------------+--------+-------------------+
[   21.263357] cloud-init[702]: ci-info: | enp0s3 | True |          10.0.2.15          | 255.255.255.0 | global | 02:82:7a:7b:51:94 |
[   21.273906] cloud-init[702]: ci-info: | enp0s3 | True |  fe80::82:7aff:fe7b:5194/64 |       .       |  link  | 02:82:7a:7b:51:94 |
[   21.304208] cloud-init[702]: ci-info: | enp0s8 | True |        192.168.33.10        | 255.255.255.0 | global | 08:00:27:cf:2f:b9 |
[   21.328419] cloud-init[702]: ci-info: | enp0s8 | True | fe80::a00:27ff:fecf:2fb9/64 |       .       |  link  | 08:00:27:cf:2f:b9 |
[   21.360449] cloud-init[702]: ci-info: |   lo   | True |          127.0.0.1          |   255.0.0.0   |  host  |         .         |
[   21.386913] cloud-init[702]: ci-info: |   lo   | True |           ::1/128           |       .       |  host  |         .         |
[   21.392280] cloud-init[702]: ci-info: +--------+------+-----------------------------+---------------+--------+-------------------+
[   21.396573] cloud-init[702]: ci-info: +++++++++++++++++++++++++++++Route IPv4 info+++++++++++++++++++++++++++++
[   21.403942] cloud-init[702]: ci-info: +-------+--------------+----------+-----------------+-----------+-------+
[   21.411977] cloud-init[702]: ci-info: | Route | Destination  | Gateway  |     Genmask     | Interface | Flags |
[   21.432413] cloud-init[702]: ci-info: +-------+--------------+----------+-----------------+-----------+-------+
[   21.435968] cloud-init[702]: ci-info: |   0   |   0.0.0.0    | 10.0.2.2 |     0.0.0.0     |   enp0s3  |   UG  |
[   21.468398] cloud-init[702]: ci-info: |   1   |   10.0.2.0   | 0.0.0.0  |  255.255.255.0  |   enp0s3  |   U   |
[[0;32m  OK  [0m] Started Initial cloud-init job (metadata service crawler).
[[0;32m  OK  [0m] Reached target Network is Online.
[   21.515651] cloud-init[702]: ci-info: |   2   |   10.0.2.2   | 0.0.0.0  | 255.255.255.255 |   enp0s3  |   UH  |
         Starting Availability of block devices...
[   21.583734] [[0;32m  OK  [0m] Reached target Remote File Systems (Pre).
[[0;32m  OK  [0m] Reached target Remote File Systems.
[[0;32m  OK  [0m] Reached target System Initialization.
[[0;32m  OK  [0m] Listening on UUID daemon activation socket.
         Starting LXD - unix socket.
cloud-init[[0;32m  OK  [0m] Listening on ACPID Listen Socket.
[702]: ci-info: |   3   | 192.168.33.0 | 0.0.0.0  |  255.255.255.0  |   enp0s8  |   U   |
[[0;32m  OK  [0m] Started Message of the Day.
[[0;32m  OK  [0m] Listening on D-Bus System Message Bus Socket.
[[0;32m  OK  [0m] Started Daily Cleanup of Temporary Directories.
[[0;32m  OK  [0m] Started Daily apt download activities.
[   21.678675] cloud-init[702]: ci-info: +-------+--------------+----------+-----------------+-----------+-------+
[   21.706880] cloud-init[702]: ci-info: +++++++++++++++++++Route IPv6 info+++++++++++++++++++
         Starting Socket activation for snappy daemon.
[[0;32m  OK  [0m] Listening on Open-iSCSI iscsid Socket.
[   21.722969] cloud-init[702]: ci-info: +-------+-------------+---------+-----------+-------+
[   21.749298] cloud-init[702]: ci-info: | Route | Destination | Gateway | Interface | Flags |
[   21.755072] cloud-init[702]: ci-info: +-------+-------------+---------+-----------+-------+
[[0;32m  OK  [0m] Started ACPI Events Check.
[[0;32m  OK  [0m] Reached target Paths.
[[0;32m  OK  [0m] Started Daily apt upgrade and clean activities.
[[0;32m  OK  [0m] Started Discard unused blocks once a week.
[   21.786501] cloud-init[702]: ci-info: |   1   |  fe80::/64  |    ::   |   enp0s8  |   U   |
[   21.823838] cloud-init[702]: ci-info: |   2   |  fe80::/64  |    ::   |   enp0s3  |   U   |
[   21.828691] cloud-init[702]: ci-info: |   4   |    local    |    ::   |   enp0s3  |   U   |
[   21.831094] cloud-init[702]: ci-info: |   5   |    local    |    ::   |   enp0s8  |   U   |
[[0;32m  OK  [0m] Reached target Timers.
[[0;32m  OK  [0m] Reached target Cloud-config availability.
[   21.835537] cloud-init[702]: ci-info: |   6   |   ff00::/8  |    ::   |   enp0s8  |   U   |
[   21.840948] cloud-init[702]: ci-info: |   7   |   ff00::/8  |    ::   |   enp0s3  |   U   |
[   21.843487] cloud-init[702]: ci-info: +-------+-------------+---------+-----------+-------+
[[0;32m  OK  [0m] Started Availability of block devices.
[[0;32m  OK  [0m] Listening on LXD - unix socket.
[[0;32m  OK  [0m] Listening on Socket activation for snappy daemon.
[[0;32m  OK  [0m] Reached target Sockets.
[[0;32m  OK  [0m] Reached target Basic System.
         Starting Login Service...
[[0;32m  OK  [0m] Started FUSE filesystem for LXC.
         Starting LSB: automatic crash report generation...
         Starting LSB: Record successful boot for GRUB...
         Starting System Logging Service...
[[0;32m  OK  [0m] Started Regular background program processing daemon.
[[0;32m  OK  [0m] Started Deferred execution scheduler.
         Starting Accounts Service...
         Starting vboxadd.service...
         Starting Message of the Day...
         Starting Snappy daemon...
         Starting OpenBSD Secure Shell server...
[[0;32m  OK  [0m] Started D-Bus System Message Bus.
[[0;32m  OK  [0m] Started Login Service.
[[0;32m  OK  [0m] Started Unattended Upgrades Shutdown.
         Starting Dispatcher daemon for systemd-networkd...
[[0;32m  OK  [0m] Started irqbalance daemon.
         Starting Permit User Sessions...
         Starting LXD - container startup/shutdown...
[[0;32m  OK  [0m] Started System Logging Service.
[[0;32m  OK  [0m] Started Snappy daemon.
[[0;32m  OK  [0m] Started OpenBSD Secure Shell server.
[[0;32m  OK  [0m] Started Permit User Sessions.
         Starting Authorization Manager...
         Starting Hold until boot process finishes up...
         Starting Terminate Plymouth Boot Screen...
         Starting Wait until snapd is fully seeded...
[[0;32m  OK  [0m] Started Hold until boot process finishes up.
[[0;32m  OK  [0m] Started Terminate Plymouth Boot Screen.
[[0;32m  OK  [0m] Started Serial Getty on ttyS0.
         Starting Set console scheme...
[[0;32m  OK  [0m] Started vboxadd.service.
[[0;32m  OK  [0m] Started LSB: automatic crash report generation.
[[0;32m  OK  [0m] Started LSB: Record successful boot for GRUB.
[[0;32m  OK  [0m] Started Authorization Manager.
[[0;32m  OK  [0m] Started Accounts Service.
         Starting vboxadd-service.service...
[[0;32m  OK  [0m] Started Set console scheme.
[[0;32m  OK  [0m] Created slice system-getty.slice.
[[0;32m  OK  [0m] Started Getty on tty1.
[[0;32m  OK  [0m] Reached target Login Prompts.
[[0;32m  OK  [0m] Started Wait until snapd is fully seeded.
         Starting Apply the settings specified in cloud-config...
[[0;32m  OK  [0m] Started vboxadd-service.service.
[[0;32m  OK  [0m] Started LXD - container startup/shutdown.
[[0;32m  OK  [0m] Created slice User Slice of vagrant.
         Starting User Manager for UID 1000...
[[0;32m  OK  [0m] Started Session 1 of user vagrant.
[[0;32m  OK  [0m] Started User Manager for UID 1000.
[[0;32m  OK  [0m] Started Dispatcher daemon for systemd-networkd.
[[0;32m  OK  [0m] Reached target Multi-User System.
[[0;32m  OK  [0m] Reached target Graphical Interface.
         Starting Update UTMP about System Runlevel Changes...
[[0;32m  OK  [0m] Started Update UTMP about System Runlevel Changes.
[   23.968977] cloud-init[1117]: Cloud-init v. 19.2-36-g059d049c-0ubuntu1~18.04.1 running 'modules:config' at Sat, 21 Dec 2019 04:18:26 +0000. Up 23.80 seconds.
[[0;32m  OK  [0m] Started Apply the settings specified in cloud-config.
         Starting Execute cloud user/final scripts...
[[0;32m  OK  [0m] Started Message of the Day.
[   24.647586] cloud-init[1240]: Cloud-init v. 19.2-36-g059d049c-0ubuntu1~18.04.1 running 'modules:final' at Sat, 21 Dec 2019 04:18:27 +0000. Up 24.50 seconds.
[   24.670574] cloud-init[1240]: Cloud-init v. 19.2-36-g059d049c-0ubuntu1~18.04.1 finished at Sat, 21 Dec 2019 04:18:27 +0000. Datasource DataSourceNoCloud [seed=/dev/sdb][dsmode=net].  Up 24.63 seconds
[[0;32m  OK  [0m] Started Execute cloud user/final scripts.
[[0;32m  OK  [0m] Reached target Cloud-init target.

Ubuntu 18.04.3 LTS ubuntu-bionic ttyS0

ubuntu-bionic login: [13305.441456] Out of memory: Kill process 17015 (ruby) score 236 or sacrifice child
[13305.467591] Killed process 17088 (convert) total-vm:208708kB, anon-rss:132088kB, file-rss:0kB, shmem-rss:0kB
[13306.459504] Out of memory: Kill process 17015 (ruby) score 236 or sacrifice child
[13306.470684] Killed process 17092 (convert) total-vm:208708kB, anon-rss:125104kB, file-rss:0kB, shmem-rss:0kB
[13308.983236] Out of memory: Kill process 17015 (ruby) score 237 or sacrifice child
[13308.985652] Killed process 17131 (convert) total-vm:187792kB, anon-rss:97900kB, file-rss:0kB, shmem-rss:0kB
[13481.100770] Out of memory: Kill process 17015 (ruby) score 330 or sacrifice child
[13481.152176] Killed process 17197 (convert) total-vm:208696kB, anon-rss:132072kB, file-rss:116kB, shmem-rss:0kB
